  
  ***************************************************************************************
  *                                JHU Generator v7.2.3                                 *
  ***************************************************************************************
  *                                                                                     *
  *   Spin and parity determination of single-produced resonances at hadron colliders   *
  *                                                                                     *
  *              I. Anderson, S. Bolognesi, F. Caola, Y. Gao, A. Gritsan,               *
  *          Z. Guo, C. Martin, K. Melnikov, R. Rontsch, H. Roskes, U. Sarica,          *
  *                 M. Schulze, N. Tran, A. Whitbeck, M. Xiao, Y. Zhou                  *
  *              Phys.Rev. D81 (2010) 075022;  arXiv:1001.3396  [hep-ph],               *
  *              Phys.Rev. D86 (2012) 095031;  arXiv:1208.4018  [hep-ph],               *
  *              Phys.Rev. D89 (2014) 035007;  arXiv:1309.4819  [hep-ph],               *
  *              Phys.Rev. D94 (2016) 055023;  arXiv:1606.03107 [hep-ph].               *
  *                                                                                     *
  ***************************************************************************************
  
   
   Command line: ./JHUGen DecayMode1=8 DecayMode2=9 FilterNLept=4 WriteFailedEvents=2 Seed=786453 ReadLHE=undecayed.lhe Seed=786453 DataFile=Out
   
   Input Parameter:
    Collider: P-P, sqrt(s)=13000.00
    Resonance: spin=0, mass= 125.00 width=   0.00407
               (This is ReadLHEFile mode. Resonance mass/width are read from LHE input parameters.)
    DecayMode1: 8  DecayMode2: 9
    Z boson: mass=91.188, width=2.4952
    Lepton filter activated. Requesting  4 leptons.
    Random seed:      786453
    To reproduce results using this seed, JHUGen should be compiled with the same compiler:
      GNU Fortran (GCC) 6.3.0
    Interference: T
    Intermediate off-shell photons: F
    
    spin-0-VV couplings: 
      generate_as=F
      ghg2=  0.10000000E+01  0.00000000E+00i
      ghz1=  0.20000000E+01  0.00000000E+00i
      Lambda=  1000.0
    
    LHE output: Out.lhe
    Histogram output: Out.dat
    Log file: Out.log
    LHE input: undecayed.lhe
    
  A Higgs mass of  125.00 GeV was determined from the LHE input file.
  A Higgs width of    0.00407 GeV was determined from the LHE input file.

 
 Evaluation Counter:                382844
 Acceptance Counter:                    17
 Rejection  Counter:                382744
 Alert  Counter:                     0
 Event generation rate (events/sec)   4.8247974152708952     
 Filter efficiency: 17.00 %

Accepted Events:        17
Branchings:
            Br_Z_ll_counter   0.000 %    +/- 0.000 %
            Br_Z_inv_counter  0.000 %    +/- 0.000 %
            Br_Z_uu_counter   0.000 %    +/- 0.000 %
            Br_Z_dd_counter   0.000 %    +/- 0.000 %
            Br_W_ll_counter   0.000 %    +/- 0.000 %
            Br_W_ud_counter   0.000 %    +/- 0.000 %
