  
  ***************************************************************************************
  *                                JHU Generator v7.2.3                                 *
  ***************************************************************************************
  *                                                                                     *
  *   Spin and parity determination of single-produced resonances at hadron colliders   *
  *                                                                                     *
  *              I. Anderson, S. Bolognesi, F. Caola, Y. Gao, A. Gritsan,               *
  *          Z. Guo, C. Martin, K. Melnikov, R. Rontsch, H. Roskes, U. Sarica,          *
  *                 M. Schulze, N. Tran, A. Whitbeck, M. Xiao, Y. Zhou                  *
  *              Phys.Rev. D81 (2010) 075022;  arXiv:1001.3396  [hep-ph],               *
  *              Phys.Rev. D86 (2012) 095031;  arXiv:1208.4018  [hep-ph],               *
  *              Phys.Rev. D89 (2014) 035007;  arXiv:1309.4819  [hep-ph],               *
  *              Phys.Rev. D94 (2016) 055023;  arXiv:1606.03107 [hep-ph].               *
  *                                                                                     *
  ***************************************************************************************
  
   
   Command line: ./JHUGen VegasNc0=5000000 Process=51 VH_PC=gg DecayMode1=9 MReso=125 LHAPDF=NNPDF31_lo_as_0130/NNPDF31_lo_as_0130.info ReadCSmax VegasNc2=100 Seed=786453 DataFile=undecayed
   
   Input Parameter:
    Collider: P-P, sqrt(s)=13000.00
    Resonance: spin=0, mass= 125.00 width=   0.00407
    Random seed:      786453
    To reproduce results using this seed, JHUGen should be compiled with the same compiler:
      GNU Fortran (GCC) 6.3.0
    
    WidthScheme:   2
    LHAPDF set NNPDF31_lo_as_0130/NNPDF31_lo_as_0130.info, member=  0
    Unweighted: T
    
      Lambda=  1000.0
    
    LHE output: undecayed.lhe
    Histogram output: undecayed.dat
    Log file: undecayed.log
    

Accepted Events:       100
Branchings:
            Br_Z_ll_counter   0.000 %    +/- 0.000 %
            Br_Z_inv_counter  0.000 %    +/- 0.000 %
            Br_Z_uu_counter   0.000 %    +/- 0.000 %
            Br_Z_dd_counter   0.000 %    +/- 0.000 %
            Br_W_ll_counter   0.000 %    +/- 0.000 %
            Br_W_ud_counter   0.000 %    +/- 0.000 %
